<?xml version="1.0" encoding="UTF-8"?>
<robot generator="Robot 6.1.1 (Python 3.11.5 on win32)" generated="20230827 01:25:45.485" rpa="false" schemaversion="4">
<suite id="s1" name="Amazon" source="C:\Users\glsmk\IdeaProjects\RobotFramework\tests\Amazon.robot">
<test id="s1-t1" name="Amazon sayfasina git" line="5">
<kw name="Open Browser" library="SeleniumLibrary">
<arg>http://www.amazon.com/</arg>
<arg>chrome</arg>
<doc>Opens a new browser instance to the optional ``url``.</doc>
<msg timestamp="20230827 01:25:45.844" level="INFO">Opening browser 'chrome' to base url 'http://www.amazon.com/'.</msg>
<status status="PASS" starttime="20230827 01:25:45.840" endtime="20230827 01:26:38.479"/>
</kw>
<kw name="Sleep" library="BuiltIn">
<arg>2s</arg>
<doc>Pauses the test executed for the given time.</doc>
<msg timestamp="20230827 01:26:40.481" level="INFO">Slept 2 seconds</msg>
<status status="PASS" starttime="20230827 01:26:38.480" endtime="20230827 01:26:40.481"/>
</kw>
<kw name="Title Should Be" library="SeleniumLibrary">
<arg>Amazon.com</arg>
<doc>Verifies that the current page title equals ``title``.</doc>
<msg timestamp="20230827 01:26:40.496" level="INFO">Page title is 'Amazon.com'.</msg>
<status status="PASS" starttime="20230827 01:26:40.482" endtime="20230827 01:26:40.496"/>
</kw>
<status status="PASS" starttime="20230827 01:25:45.839" endtime="20230827 01:26:40.496"/>
</test>
<status status="PASS" starttime="20230827 01:25:45.489" endtime="20230827 01:26:40.498"/>
</suite>
<statistics>
<total>
<stat pass="1" fail="0" skip="0">All Tests</stat>
</total>
<tag>
</tag>
<suite>
<stat pass="1" fail="0" skip="0" id="s1" name="Amazon">Amazon</stat>
</suite>
</statistics>
<errors>
</errors>
</robot>
