<?xml version="1.0" encoding="UTF-8"?>
<robot generator="Robot 6.1.1 (Python 3.11.5 on win32)" generated="20240111 16:52:26.488" rpa="false" schemaversion="4">
<suite id="s1" name="Amazon" source="C:\Users\glsmk\IdeaProjects\RobotFramework\tests\Amazon.robot">
<test id="s1-t1" name="Aranacak Urun" line="9">
<kw name="Open Browser" library="SeleniumLibrary">
<arg>${URL}</arg>
<arg>${BROWSER}</arg>
<doc>Opens a new browser instance to the optional ``url``.</doc>
<msg timestamp="20240111 16:52:26.950" level="INFO">Opening browser 'Chrome' to base url 'https://www.amazon.com'.</msg>
<status status="PASS" starttime="20240111 16:52:26.949" endtime="20240111 16:52:35.787"/>
</kw>
<status status="PASS" starttime="20240111 16:52:26.948" endtime="20240111 16:52:35.787"/>
</test>
<status status="PASS" starttime="20240111 16:52:26.491" endtime="20240111 16:52:35.789"/>
</suite>
<statistics>
<total>
<stat pass="1" fail="0" skip="0">All Tests</stat>
</total>
<tag>
</tag>
<suite>
<stat pass="1" fail="0" skip="0" id="s1" name="Amazon">Amazon</stat>
</suite>
</statistics>
<errors>
</errors>
</robot>
